<?xml version="1.0" encoding="UTF-8"?>
<testng-results ignored="0" total="1" passed="1" failed="0" skipped="0">
  <reporter-output>
  </reporter-output>
  <suite started-at="2024-02-09T13:09:11 IST" name="Default suite" finished-at="2024-02-09T13:09:34 IST" duration-ms="22949">
    <groups>
    </groups>
    <test started-at="2024-02-09T13:09:11 IST" name="Default test" finished-at="2024-02-09T13:09:34 IST" duration-ms="22949">
      <class name="testcases.Pipeline">
        <test-method is-config="true" signature="setUp()[pri:0, instance:testcases.Pipeline@18271936]" started-at="2024-02-09T13:09:11 IST" name="setUp" finished-at="2024-02-09T13:09:14 IST" duration-ms="2465" status="PASS">
          <reporter-output>
          </reporter-output>
        </test-method> <!-- setUp -->
        <test-method signature="addpipeline()[pri:0, instance:testcases.Pipeline@18271936]" started-at="2024-02-09T13:09:14 IST" name="addpipeline" finished-at="2024-02-09T13:09:34 IST" duration-ms="20437" status="PASS">
          <reporter-output>
          </reporter-output>
        </test-method> <!-- addpipeline -->
        <test-method is-config="true" signature="teardown()[pri:0, instance:testcases.Pipeline@18271936]" started-at="2024-02-09T13:09:34 IST" name="teardown" finished-at="2024-02-09T13:09:34 IST" duration-ms="1" status="PASS">
          <reporter-output>
          </reporter-output>
        </test-method> <!-- teardown -->
      </class> <!-- testcases.Pipeline -->
    </test> <!-- Default test -->
  </suite> <!-- Default suite -->
</testng-results>
